Arguments: 
  /usr/local/bin/node /home/dban1/.yarn/bin/yarn.js deploym

PATH: 
  /home/dban1/.yarn/bin:/home/dban1/.config/yarn/global/node_modules/.bin:/home/dban1/.vscode-server/bin/ccbaa2d27e38e5afa3e5c21c1c7bef4657064247/bin:/home/dban1/.yarn/bin:/home/dban1/.config/yarn/global/node_modules/.bin:/usr/local/sbin:/usr/local/bin:/usr/sbin:/usr/bin:/sbin:/bin:/usr/games:/usr/local/games:/usr/lib/wsl/lib:/mnt/c/WINDOWS/system32:/mnt/c/WINDOWS:/mnt/c/WINDOWS/System32/Wbem:/mnt/c/WINDOWS/System32/WindowsPowerShell/v1.0/:/mnt/c/WINDOWS/System32/OpenSSH/:/mnt/c/Program Files/Git/cmd:/mnt/c/Program Files/nodejs/:/mnt/c/Users/Ming Liang/AppData/Local/Microsoft/WindowsApps:/mnt/c/Users/Ming Liang/AppData/Local/Programs/Microsoft VS Code/bin:/mnt/c/Users/Ming Liang/AppData/Roaming/npm:/mnt/c/Program Files/heroku/bin:/mnt/c/Program Files/IPFS Desktop/resources/app.asar.unpacked/src/ipfs-on-path/scripts/bin-win:/home/dban1/.local/bin:/home/dban1/.local/bin

Yarn version: 
  1.22.15

Node version: 
  14.17.5

Platform: 
  linux x64

Trace: 
  SyntaxError: /home/dban1/Steady-Factory/package.json: Unexpected token < in JSON at position 0
      at JSON.parse (<anonymous>)
      at /home/dban1/.yarn/lib/cli.js:1625:59
      at Generator.next (<anonymous>)
      at step (/home/dban1/.yarn/lib/cli.js:310:30)
      at /home/dban1/.yarn/lib/cli.js:321:13

npm manifest: 
  {
    "name": "steady-hardhat",
    "version": "1.0.0",
    "scripts": {
      "deploym": "npx hardhat run scripts/deploy.ts --network mumbai",
      "custom": "npx hardhat run scripts/custom.ts"
    },
    "devDependencies": {
      "@nomiclabs/hardhat-ethers": "^2.0.2",
      "@nomiclabs/hardhat-etherscan": "^2.1.3",
      "@nomiclabs/hardhat-waffle": "^2.0.1",
      "@openzeppelin/hardhat-upgrades": "^1.9.0",
      "@typechain/ethers-v5": "^7.0.1",
      "@typechain/hardhat": "^2.1.2",
      "@types/chai": "^4.2.19",
      "@types/chai-as-promised": "^7.1.4",
      "@types/jest": "^26.0.23",
      "@types/mocha": "^8.2.2",
      "@types/node": "^16.0.0",
      "chai": "^4.3.4",
      "ethereum-waffle": "^3.4.0",
      "ethers": "^5.4.1",
      "hardhat": "^2.4.1",
      "hardhat-abi-exporter": "^2.2.1",
      "ts-node": "^10.4.0",
      "typechain": "^5.1.1",
      "typescript": "^4.3.5"
    },
    "dependencies": {
      "@chainlink/contracts": "^0.2.2",
      "@nomiclabs/hardhat-solhint": "^2.0.0",
      "@openzeppelin/contracts": "^4.2.0",
      "@openzeppelin/contracts-upgradeable": "^4.3.3",
      "dotenv": "^10.0.0",
      "hardhat-preprocessor": "^0.1.4",
      "openzeppelin-solidity": "^2.3.0",
      "solidity-coverage": "^0.7.17",
      "ts-node": "^10.4.0"
    }
  }

yarn manifest: 
  No manifest

Lockfile: 
  No lockfile
